0 info it worked if it ends with ok
1 verbose cli [ '/Users/sam/.nvm/versions/node/v5.9.1/bin/node',
1 verbose cli   '/Users/sam/.nvm/versions/node/v5.9.1/bin/npm',
1 verbose cli   'run',
1 verbose cli   'deploy' ]
2 info using npm@3.7.3
3 info using node@v5.9.1
4 verbose run-script [ 'predeploy', 'deploy', 'postdeploy' ]
5 info lifecycle nt-mobile-project@1.0.0~predeploy: nt-mobile-project@1.0.0
6 silly lifecycle nt-mobile-project@1.0.0~predeploy: no script for predeploy, continuing
7 info lifecycle nt-mobile-project@1.0.0~deploy: nt-mobile-project@1.0.0
8 verbose lifecycle nt-mobile-project@1.0.0~deploy: unsafe-perm in lifecycle true
9 verbose lifecycle nt-mobile-project@1.0.0~deploy: PATH: /Users/sam/.nvm/versions/node/v5.9.1/lib/node_modules/npm/bin/node-gyp-bin:/Users/sam/ntMobileProject/node_modules/.bin:/Users/sam/.nvm/versions/node/v5.9.1/bin:/Users/sam/.nvm/versions/node/v5.9.1/bin:/usr/local/bin:/usr/bin:/bin:/usr/sbin:/sbin
10 verbose lifecycle nt-mobile-project@1.0.0~deploy: CWD: /Users/sam/ntMobileProject
11 silly lifecycle nt-mobile-project@1.0.0~deploy: Args: [ '-c',
11 silly lifecycle   'set NODE_ENV=production  && webpack -p --config webpack.production.config.js' ]
12 silly lifecycle nt-mobile-project@1.0.0~deploy: Returned: code: 1  signal: null
13 info lifecycle nt-mobile-project@1.0.0~deploy: Failed to exec deploy script
14 verbose stack Error: nt-mobile-project@1.0.0 deploy: `set NODE_ENV=production  && webpack -p --config webpack.production.config.js`
14 verbose stack Exit status 1
14 verbose stack     at EventEmitter.<anonymous> (/Users/sam/.nvm/versions/node/v5.9.1/lib/node_modules/npm/lib/utils/lifecycle.js:239:16)
14 verbose stack     at emitTwo (events.js:100:13)
14 verbose stack     at EventEmitter.emit (events.js:185:7)
14 verbose stack     at ChildProcess.<anonymous> (/Users/sam/.nvm/versions/node/v5.9.1/lib/node_modules/npm/lib/utils/spawn.js:24:14)
14 verbose stack     at emitTwo (events.js:100:13)
14 verbose stack     at ChildProcess.emit (events.js:185:7)
14 verbose stack     at maybeClose (internal/child_process.js:850:16)
14 verbose stack     at Process.ChildProcess._handle.onexit (internal/child_process.js:215:5)
15 verbose pkgid nt-mobile-project@1.0.0
16 verbose cwd /Users/sam/ntMobileProject
17 error Darwin 15.0.0
18 error argv "/Users/sam/.nvm/versions/node/v5.9.1/bin/node" "/Users/sam/.nvm/versions/node/v5.9.1/bin/npm" "run" "deploy"
19 error node v5.9.1
20 error npm  v3.7.3
21 error code ELIFECYCLE
22 error nt-mobile-project@1.0.0 deploy: `set NODE_ENV=production  && webpack -p --config webpack.production.config.js`
22 error Exit status 1
23 error Failed at the nt-mobile-project@1.0.0 deploy script 'set NODE_ENV=production  && webpack -p --config webpack.production.config.js'.
23 error Make sure you have the latest version of node.js and npm installed.
23 error If you do, this is most likely a problem with the nt-mobile-project package,
23 error not with npm itself.
23 error Tell the author that this fails on your system:
23 error     set NODE_ENV=production  && webpack -p --config webpack.production.config.js
23 error You can get information on how to open an issue for this project with:
23 error     npm bugs nt-mobile-project
23 error Or if that isn't available, you can get their info via:
23 error     npm owner ls nt-mobile-project
23 error There is likely additional logging output above.
24 verbose exit [ 1, true ]
